<?xml version="1.0" encoding="UTF-8"?>
<!-- Generated by org.testng.reporters.JUnitReportReporter -->
<testsuite hostname="LAPTOP-KELFP8H8" failures="0" tests="1" name="testRunner.MyTestRunner" time="10.160" errors="0" timestamp="2024-02-23T14:47:54 IST" skipped="0">
  <testcase classname="testRunner.MyTestRunner" name="runScenario" time="10.160"/>
  <system-out>
    <![CDATA[<div "result">user is able to navigate to url (PASSED : 8s)</div>
<div "result">user logs in as &quot;standard_user&quot; and &quot;PasswordManger&quot; (PASSED : 0s)</div>
<div "result">user navigates to the dashboard and verifies title (PASSED : 0s)</div>]]>
  </system-out>
</testsuite> <!-- testRunner.MyTestRunner -->
